2025-10-31 12:28:04,415 - httpx - INFO - HTTP Request: GET http://localhost:55887/status "HTTP/1.1 200 OK"
2025-10-31 12:28:09,659 - httpx - INFO - HTTP Request: GET http://localhost:55892/status "HTTP/1.1 200 OK"
2025-10-31 12:28:26,866 - httpx - INFO - HTTP Request: GET http://localhost:55902/status "HTTP/1.1 200 OK"
2025-10-31 12:28:28,642 - httpx - INFO - HTTP Request: GET http://localhost:55907/status "HTTP/1.1 200 OK"
2025-10-31 12:28:32,763 - httpx - INFO - HTTP Request: GET http://localhost:55913/status "HTTP/1.1 200 OK"
2025-10-31 12:28:34,143 - httpx - INFO - HTTP Request: GET http://localhost:55918/status "HTTP/1.1 200 OK"
2025-10-31 12:28:40,900 - httpx - INFO - HTTP Request: GET http://localhost:55925/status "HTTP/1.1 200 OK"
2025-10-31 12:29:12,322 - httpx - INFO - HTTP Request: GET http://localhost:55936/status "HTTP/1.1 200 OK"
2025-10-31 12:29:22,228 - httpx - INFO - HTTP Request: GET http://localhost:55944/status "HTTP/1.1 200 OK"
2025-10-31 12:29:46,867 - httpx - INFO - HTTP Request: GET http://localhost:55951/status "HTTP/1.1 200 OK"
2025-10-31 12:30:13,738 - httpx - INFO - HTTP Request: GET http://localhost:55965/status "HTTP/1.1 200 OK"
2025-10-31 12:30:15,681 - httpx - INFO - HTTP Request: GET http://localhost:55973/status "HTTP/1.1 200 OK"
2025-10-31 12:30:39,311 - httpx - INFO - HTTP Request: GET http://localhost:55981/status "HTTP/1.1 200 OK"
2025-10-31 12:30:50,901 - httpx - INFO - HTTP Request: GET http://localhost:55986/status "HTTP/1.1 200 OK"
2025-10-31 12:30:52,964 - httpx - INFO - HTTP Request: GET http://localhost:55993/status "HTTP/1.1 200 OK"
2025-10-31 12:30:57,512 - httpx - INFO - HTTP Request: GET http://localhost:56001/status "HTTP/1.1 200 OK"
2025-10-31 12:31:17,349 - httpx - INFO - HTTP Request: GET http://localhost:56007/status "HTTP/1.1 200 OK"
2025-10-31 12:31:21,084 - httpx - INFO - HTTP Request: GET http://localhost:56015/status "HTTP/1.1 200 OK"
2025-10-31 12:31:22,878 - httpx - INFO - HTTP Request: GET http://localhost:56020/status "HTTP/1.1 200 OK"
2025-10-31 12:31:37,036 - httpx - INFO - HTTP Request: GET http://localhost:56024/status "HTTP/1.1 200 OK"
2025-10-31 12:31:42,065 - httpx - INFO - HTTP Request: GET http://localhost:56030/status "HTTP/1.1 200 OK"
2025-10-31 12:31:49,430 - httpx - INFO - HTTP Request: GET http://localhost:56035/status "HTTP/1.1 200 OK"
2025-10-31 12:32:59,217 - httpx - INFO - HTTP Request: GET http://localhost:56055/status "HTTP/1.1 200 OK"
2025-10-31 12:33:13,801 - httpx - INFO - HTTP Request: GET http://localhost:56065/status "HTTP/1.1 200 OK"
2025-10-31 12:33:22,378 - httpx - INFO - HTTP Request: GET http://localhost:56076/status "HTTP/1.1 200 OK"
2025-10-31 12:33:50,996 - httpx - INFO - HTTP Request: GET http://localhost:56082/status "HTTP/1.1 200 OK"
2025-10-31 12:33:51,974 - httpx - INFO - HTTP Request: GET http://localhost:56088/status "HTTP/1.1 200 OK"
2025-10-31 12:34:15,963 - httpx - INFO - HTTP Request: GET http://localhost:56093/status "HTTP/1.1 200 OK"
2025-10-31 12:34:16,866 - httpx - INFO - HTTP Request: GET http://localhost:56100/status "HTTP/1.1 200 OK"
2025-10-31 12:34:38,981 - httpx - INFO - HTTP Request: GET http://localhost:56107/status "HTTP/1.1 200 OK"
2025-10-31 12:34:47,666 - httpx - INFO - HTTP Request: GET http://localhost:56116/status "HTTP/1.1 200 OK"
2025-10-31 12:35:08,377 - httpx - INFO - HTTP Request: GET http://localhost:56127/status "HTTP/1.1 200 OK"
2025-10-31 12:35:16,147 - httpx - INFO - HTTP Request: GET http://localhost:56139/status "HTTP/1.1 200 OK"
2025-10-31 12:35:53,252 - httpx - INFO - HTTP Request: GET http://localhost:56149/status "HTTP/1.1 200 OK"
2025-10-31 12:36:25,985 - httpx - INFO - HTTP Request: GET http://localhost:56155/status "HTTP/1.1 200 OK"
2025-10-31 12:36:26,884 - httpx - INFO - HTTP Request: GET http://localhost:56163/status "HTTP/1.1 200 OK"
2025-10-31 12:38:17,757 - httpx - INFO - HTTP Request: GET http://localhost:56174/status "HTTP/1.1 200 OK"
2025-10-31 12:38:35,238 - httpx - INFO - HTTP Request: GET http://localhost:56183/status "HTTP/1.1 200 OK"
2025-10-31 12:38:46,151 - httpx - INFO - HTTP Request: GET http://localhost:56195/status "HTTP/1.1 200 OK"
2025-10-31 12:39:15,467 - httpx - INFO - HTTP Request: GET http://localhost:56205/status "HTTP/1.1 200 OK"
2025-10-31 12:39:35,802 - httpx - INFO - HTTP Request: GET http://localhost:56216/status "HTTP/1.1 200 OK"
2025-10-31 12:39:54,328 - httpx - INFO - HTTP Request: GET http://localhost:56226/status "HTTP/1.1 200 OK"
2025-10-31 12:39:55,727 - httpx - INFO - HTTP Request: GET http://localhost:56231/status "HTTP/1.1 200 OK"
2025-10-31 12:40:18,758 - httpx - INFO - HTTP Request: GET http://localhost:56238/status "HTTP/1.1 200 OK"
2025-10-31 12:40:20,515 - httpx - INFO - HTTP Request: GET http://localhost:56245/status "HTTP/1.1 200 OK"
2025-10-31 12:40:39,486 - httpx - INFO - HTTP Request: GET http://localhost:56253/status "HTTP/1.1 200 OK"
2025-10-31 12:40:45,369 - httpx - INFO - HTTP Request: GET http://localhost:56259/status "HTTP/1.1 200 OK"
2025-10-31 12:40:55,597 - httpx - INFO - HTTP Request: GET http://localhost:56268/status "HTTP/1.1 200 OK"
2025-10-31 12:40:57,186 - httpx - INFO - HTTP Request: GET http://localhost:56272/status "HTTP/1.1 200 OK"
2025-10-31 12:41:07,678 - httpx - INFO - HTTP Request: GET http://localhost:56280/status "HTTP/1.1 200 OK"
2025-10-31 12:41:21,444 - httpx - INFO - HTTP Request: GET http://localhost:56289/status "HTTP/1.1 200 OK"
2025-10-31 12:41:31,626 - httpx - INFO - HTTP Request: GET http://localhost:56298/status "HTTP/1.1 200 OK"
2025-10-31 12:41:41,172 - httpx - INFO - HTTP Request: GET http://localhost:56304/status "HTTP/1.1 200 OK"
2025-10-31 12:41:43,293 - httpx - INFO - HTTP Request: GET http://localhost:56311/status "HTTP/1.1 200 OK"
2025-10-31 12:41:50,554 - httpx - INFO - HTTP Request: GET http://localhost:56319/status "HTTP/1.1 200 OK"
2025-10-31 12:42:07,454 - httpx - INFO - HTTP Request: GET http://localhost:56327/status "HTTP/1.1 200 OK"
2025-10-31 12:43:02,661 - httpx - INFO - HTTP Request: GET http://localhost:56341/status "HTTP/1.1 200 OK"
2025-10-31 12:43:07,991 - httpx - INFO - HTTP Request: GET http://localhost:56350/status "HTTP/1.1 200 OK"
2025-10-31 12:43:20,838 - httpx - INFO - HTTP Request: GET http://localhost:56360/status "HTTP/1.1 200 OK"
2025-10-31 12:43:22,670 - httpx - INFO - HTTP Request: GET http://localhost:56365/status "HTTP/1.1 200 OK"
2025-10-31 12:43:28,320 - httpx - INFO - HTTP Request: GET http://localhost:56372/status "HTTP/1.1 200 OK"
2025-10-31 12:43:33,979 - httpx - INFO - HTTP Request: GET http://localhost:56379/status "HTTP/1.1 200 OK"
2025-10-31 12:43:35,809 - httpx - INFO - HTTP Request: GET http://localhost:56386/status "HTTP/1.1 200 OK"
2025-10-31 12:43:40,037 - httpx - INFO - HTTP Request: GET http://localhost:56390/status "HTTP/1.1 200 OK"
2025-10-31 12:43:41,432 - httpx - INFO - HTTP Request: GET http://localhost:56397/status "HTTP/1.1 200 OK"
2025-10-31 12:44:21,757 - httpx - INFO - HTTP Request: GET http://localhost:56406/status "HTTP/1.1 200 OK"
2025-10-31 12:44:41,750 - httpx - INFO - HTTP Request: GET http://localhost:56419/status "HTTP/1.1 200 OK"
2025-10-31 12:44:50,136 - httpx - INFO - HTTP Request: GET http://localhost:56424/status "HTTP/1.1 200 OK"
2025-10-31 12:44:56,362 - httpx - INFO - HTTP Request: GET http://localhost:56432/status "HTTP/1.1 200 OK"
2025-10-31 12:45:03,738 - httpx - INFO - HTTP Request: GET http://localhost:56439/status "HTTP/1.1 200 OK"
2025-10-31 12:45:08,580 - httpx - INFO - HTTP Request: GET http://localhost:56447/status "HTTP/1.1 200 OK"
2025-10-31 12:45:14,818 - httpx - INFO - HTTP Request: GET http://localhost:56457/status "HTTP/1.1 200 OK"
2025-10-31 12:45:21,161 - httpx - INFO - HTTP Request: GET http://localhost:56463/status "HTTP/1.1 200 OK"
2025-10-31 12:45:31,306 - httpx - INFO - HTTP Request: GET http://localhost:56470/status "HTTP/1.1 200 OK"
2025-10-31 12:45:35,746 - httpx - INFO - HTTP Request: GET http://localhost:56477/status "HTTP/1.1 200 OK"
2025-10-31 12:45:40,604 - httpx - INFO - HTTP Request: GET http://localhost:56483/status "HTTP/1.1 200 OK"
2025-10-31 12:45:52,505 - httpx - INFO - HTTP Request: GET http://localhost:56489/status "HTTP/1.1 200 OK"
2025-10-31 12:45:57,638 - httpx - INFO - HTTP Request: GET http://localhost:56497/status "HTTP/1.1 200 OK"
2025-10-31 12:45:58,437 - httpx - INFO - HTTP Request: GET http://localhost:56501/status "HTTP/1.1 200 OK"
2025-10-31 12:46:03,568 - httpx - INFO - HTTP Request: GET http://localhost:56507/status "HTTP/1.1 200 OK"
2025-10-31 12:46:05,674 - httpx - INFO - HTTP Request: GET http://localhost:56514/status "HTTP/1.1 200 OK"
2025-10-31 12:46:06,757 - httpx - INFO - HTTP Request: GET http://localhost:56518/status "HTTP/1.1 200 OK"
2025-10-31 12:46:11,022 - httpx - INFO - HTTP Request: GET http://localhost:56524/status "HTTP/1.1 200 OK"
2025-10-31 12:46:13,119 - httpx - INFO - HTTP Request: GET http://localhost:56530/status "HTTP/1.1 200 OK"
2025-10-31 12:46:23,220 - httpx - INFO - HTTP Request: GET http://localhost:56535/status "HTTP/1.1 200 OK"
2025-10-31 12:46:26,972 - httpx - INFO - HTTP Request: GET http://localhost:56543/status "HTTP/1.1 200 OK"
2025-10-31 12:46:32,951 - httpx - INFO - HTTP Request: GET http://localhost:56547/status "HTTP/1.1 200 OK"
2025-10-31 12:46:51,872 - httpx - INFO - HTTP Request: GET http://localhost:56558/status "HTTP/1.1 200 OK"
2025-10-31 12:48:09,671 - httpx - INFO - HTTP Request: GET http://localhost:56591/status "HTTP/1.1 200 OK"
2025-10-31 12:48:17,883 - httpx - INFO - HTTP Request: GET http://localhost:56600/status "HTTP/1.1 200 OK"
2025-10-31 12:48:24,185 - httpx - INFO - HTTP Request: GET http://localhost:56607/status "HTTP/1.1 200 OK"
2025-10-31 12:48:29,634 - httpx - INFO - HTTP Request: GET http://localhost:56614/status "HTTP/1.1 200 OK"
2025-10-31 12:48:36,194 - httpx - INFO - HTTP Request: GET http://localhost:56621/status "HTTP/1.1 200 OK"
2025-10-31 12:48:37,586 - httpx - INFO - HTTP Request: GET http://localhost:56627/status "HTTP/1.1 200 OK"
2025-10-31 12:48:45,160 - httpx - INFO - HTTP Request: GET http://localhost:56634/status "HTTP/1.1 200 OK"
2025-10-31 12:48:52,043 - httpx - INFO - HTTP Request: GET http://localhost:56644/status "HTTP/1.1 200 OK"
2025-10-31 12:48:57,937 - httpx - INFO - HTTP Request: GET http://localhost:56652/status "HTTP/1.1 200 OK"
2025-10-31 12:49:18,177 - httpx - INFO - HTTP Request: GET http://localhost:56657/status "HTTP/1.1 200 OK"
2025-10-31 12:49:24,897 - httpx - INFO - HTTP Request: GET http://localhost:56666/status "HTTP/1.1 200 OK"
2025-10-31 12:50:59,262 - httpx - INFO - HTTP Request: GET http://localhost:56761/status "HTTP/1.1 200 OK"
2025-10-31 12:51:23,776 - app.utils.logger - INFO - Getting Categories...
2025-10-31 12:51:23,839 - httpx - INFO - HTTP Request: POST http://localhost:56761/ "HTTP/1.1 200 OK"
2025-10-31 12:52:05,017 - app.utils.logger - INFO - Fetching companies -
2025-10-31 12:52:05,025 - httpx - INFO - HTTP Request: POST http://localhost:56761/ "HTTP/1.1 200 OK"
2025-10-31 12:52:28,198 - app.utils.logger - INFO - Fetching company with ID: 1
2025-10-31 12:52:28,212 - httpx - INFO - HTTP Request: POST http://localhost:56761/ "HTTP/1.1 200 OK"
2025-10-31 12:52:57,138 - httpx - INFO - HTTP Request: POST http://localhost:56761/ "HTTP/1.1 200 OK"
2025-10-31 12:53:19,470 - app.utils.logger - INFO - Getting Categories...
2025-10-31 12:53:19,474 - httpx - INFO - HTTP Request: POST http://localhost:56761/ "HTTP/1.1 200 OK"
2025-10-31 12:53:47,118 - app.utils.logger - INFO - Creating Category...
2025-10-31 12:53:47,122 - httpx - INFO - HTTP Request: POST http://localhost:56761/ "HTTP/1.1 200 OK"
2025-10-31 12:53:47,132 - httpx - INFO - HTTP Request: POST http://localhost:56761/ "HTTP/1.1 200 OK"
2025-10-31 12:53:47,132 - app.utils.logger - INFO - Category Created
2025-10-31 12:54:06,091 - httpx - INFO - HTTP Request: POST http://localhost:56761/ "HTTP/1.1 200 OK"
2025-10-31 12:55:16,426 - app.utils.logger - INFO - Updating Category
2025-10-31 12:55:16,430 - httpx - INFO - HTTP Request: POST http://localhost:56761/ "HTTP/1.1 200 OK"
2025-10-31 12:55:16,436 - httpx - INFO - HTTP Request: POST http://localhost:56761/ "HTTP/1.1 200 OK"
2025-10-31 12:55:16,436 - app.utils.logger - INFO - Category Updated
2025-10-31 12:55:30,442 - app.utils.logger - INFO - Deleting Category
2025-10-31 12:55:30,455 - httpx - INFO - HTTP Request: POST http://localhost:56761/ "HTTP/1.1 200 OK"
2025-10-31 12:55:30,457 - httpx - INFO - HTTP Request: POST http://localhost:56761/ "HTTP/1.1 200 OK"
2025-10-31 12:55:30,457 - app.utils.logger - INFO - Category ID: 2 Deleted
2025-10-31 12:55:53,603 - app.utils.logger - INFO - Getting Categories...
2025-10-31 12:55:53,613 - httpx - INFO - HTTP Request: POST http://localhost:56761/ "HTTP/1.1 200 OK"
2025-10-31 12:56:10,916 - app.utils.logger - INFO - Deleting Category
2025-10-31 12:56:10,926 - httpx - INFO - HTTP Request: POST http://localhost:56761/ "HTTP/1.1 200 OK"
2025-10-31 12:56:10,930 - httpx - INFO - HTTP Request: POST http://localhost:56761/ "HTTP/1.1 200 OK"
2025-10-31 12:56:10,930 - app.utils.logger - INFO - Category ID: 2 Deleted
2025-10-31 12:56:19,427 - app.utils.logger - INFO - Getting Categories...
2025-10-31 12:56:19,432 - httpx - INFO - HTTP Request: POST http://localhost:56761/ "HTTP/1.1 200 OK"
2025-10-31 12:56:46,237 - httpx - INFO - HTTP Request: POST http://localhost:56761/ "HTTP/1.1 200 OK"
2025-10-31 12:57:04,705 - httpx - INFO - HTTP Request: GET http://localhost:56834/status "HTTP/1.1 200 OK"
2025-10-31 12:57:35,190 - app.utils.logger - INFO - Deleting Category
2025-10-31 12:57:35,206 - httpx - INFO - HTTP Request: POST http://localhost:56834/ "HTTP/1.1 200 OK"
2025-10-31 12:57:35,210 - httpx - INFO - HTTP Request: POST http://localhost:56834/ "HTTP/1.1 200 OK"
2025-10-31 13:02:29,952 - httpx - INFO - HTTP Request: GET http://localhost:56854/status "HTTP/1.1 200 OK"
2025-10-31 13:02:37,769 - httpx - INFO - HTTP Request: GET http://localhost:56862/status "HTTP/1.1 200 OK"
2025-10-31 13:03:04,456 - app.utils.logger - INFO - Getting Categories...
2025-10-31 13:03:04,466 - httpx - INFO - HTTP Request: POST http://localhost:56862/ "HTTP/1.1 200 OK"
2025-10-31 13:03:15,754 - app.utils.logger - INFO - Deleting Category
2025-10-31 13:03:15,765 - httpx - INFO - HTTP Request: POST http://localhost:56862/ "HTTP/1.1 200 OK"
2025-10-31 13:03:15,774 - httpx - INFO - HTTP Request: POST http://localhost:56862/ "HTTP/1.1 200 OK"
2025-10-31 13:03:28,984 - app.utils.logger - INFO - Deleting Product
2025-10-31 13:03:28,988 - httpx - INFO - HTTP Request: POST http://localhost:56862/ "HTTP/1.1 200 OK"
2025-10-31 13:03:28,989 - app.utils.logger - WARNING - Product not found: ID 2
2025-10-31 13:05:31,019 - httpx - INFO - HTTP Request: GET http://localhost:56892/status "HTTP/1.1 200 OK"
2025-10-31 13:05:45,440 - app.utils.logger - INFO - Deleting Product
2025-10-31 13:05:45,449 - httpx - INFO - HTTP Request: POST http://localhost:56892/ "HTTP/1.1 200 OK"
2025-10-31 13:05:45,449 - app.utils.logger - WARNING - Product not found: ID 2
2025-10-31 13:05:59,245 - httpx - INFO - HTTP Request: POST http://localhost:56892/ "HTTP/1.1 200 OK"
2025-10-31 13:06:23,964 - app.utils.logger - INFO - Deleting Product
2025-10-31 13:06:23,969 - httpx - INFO - HTTP Request: POST http://localhost:56892/ "HTTP/1.1 200 OK"
2025-10-31 13:06:23,972 - httpx - INFO - HTTP Request: POST http://localhost:56892/ "HTTP/1.1 200 OK"
2025-10-31 13:06:23,973 - app.utils.logger - INFO - Product ID: 3 Deleted
2025-10-31 13:06:47,001 - httpx - INFO - HTTP Request: POST http://localhost:56892/ "HTTP/1.1 200 OK"
